============================= test session starts ==============================
platform darwin -- Python 3.12.11, pytest-9.0.2, pluggy-1.6.0 -- /Users/bhargav/Documents/test/.venv/bin/python3
cachedir: .pytest_cache
rootdir: /Users/bhargav/Documents/test
plugins: anyio-4.12.1, mock-3.15.1, asyncio-1.3.0, hydra-core-1.3.2, cov-7.0.0
asyncio: mode=Mode.STRICT, debug=False, asyncio_default_fixture_loop_scope=None, asyncio_default_test_loop_scope=function
collecting ... collected 101 items

Data-Pipeline/tests/test_anomaly_detection.py::test_lap_time_outlier_detected PASSED [  0%]
Data-Pipeline/tests/test_anomaly_detection.py::test_lap_time_within_normal_range PASSED [  1%]
Data-Pipeline/tests/test_anomaly_detection.py::test_missing_driver_id_detected PASSED [  2%]
Data-Pipeline/tests/test_anomaly_detection.py::test_invalid_compound_detected PASSED [  3%]
Data-Pipeline/tests/test_anomaly_detection.py::test_pit_stop_too_short PASSED [  4%]
Data-Pipeline/tests/test_anomaly_detection.py::test_pit_stop_too_long PASSED [  5%]
Data-Pipeline/tests/test_anomaly_detection.py::test_pit_stop_normal_duration PASSED [  6%]
Data-Pipeline/tests/test_anomaly_detection.py::test_anomaly_report_saved PASSED [  7%]
Data-Pipeline/tests/test_anomaly_detection.py::test_slack_webhook_called_when_env_set FAILED [  8%]
Data-Pipeline/tests/test_anomaly_detection.py::test_slack_not_called_when_env_not_set PASSED [  9%]
Data-Pipeline/tests/test_anomaly_detection.py::test_empty_dataframe_handled_gracefully PASSED [ 10%]
Data-Pipeline/tests/test_bias_analysis.py::test_era_slicing_produces_three_eras PASSED [ 11%]
Data-Pipeline/tests/test_bias_analysis.py::test_pre_2010_era_correct_years PASSED [ 12%]
Data-Pipeline/tests/test_bias_analysis.py::test_hybrid_era_correct_years PASSED [ 13%]
Data-Pipeline/tests/test_bias_analysis.py::test_team_tier_slicing_produces_three_tiers PASSED [ 14%]
Data-Pipeline/tests/test_bias_analysis.py::test_bias_report_saved_to_correct_path FAILED [ 15%]
Data-Pipeline/tests/test_bias_analysis.py::test_bias_report_has_required_keys FAILED [ 16%]
Data-Pipeline/tests/test_bias_analysis.py::test_ascii_table_printed PASSED [ 17%]
Data-Pipeline/tests/test_bias_analysis.py::test_empty_dataframe_handled_gracefully FAILED [ 18%]
Data-Pipeline/tests/test_bias_analysis.py::test_representation_percentages_sum_to_100 PASSED [ 19%]
Data-Pipeline/tests/test_bias_analysis.py::test_sample_size_in_report PASSED [ 20%]
Data-Pipeline/tests/test_csv_to_parquet.py::TestFixTimedeltaColumns::test_standard_timedelta_converts_to_seconds PASSED [ 21%]
Data-Pipeline/tests/test_csv_to_parquet.py::TestFixTimedeltaColumns::test_negative_timedelta_converts_correctly PASSED [ 22%]
Data-Pipeline/tests/test_csv_to_parquet.py::TestFixTimedeltaColumns::test_zero_timedelta PASSED [ 23%]
Data-Pipeline/tests/test_csv_to_parquet.py::TestFixTimedeltaColumns::test_non_timedelta_column_unchanged PASSED [ 24%]
Data-Pipeline/tests/test_csv_to_parquet.py::TestFixTimedeltaColumns::test_mixed_column_null_values_handled PASSED [ 25%]
Data-Pipeline/tests/test_csv_to_parquet.py::TestFixTimedeltaColumns::test_empty_dataframe_returns_empty PASSED [ 26%]
Data-Pipeline/tests/test_csv_to_parquet.py::TestFixTimedeltaColumns::test_fully_null_column_skipped PASSED [ 27%]
Data-Pipeline/tests/test_csv_to_parquet.py::TestFixTimedeltaColumns::test_multiple_timedelta_columns PASSED [ 28%]
Data-Pipeline/tests/test_csv_to_parquet.py::TestReadYearlyCsvs::test_reads_and_concatenates_csvs PASSED [ 29%]
Data-Pipeline/tests/test_csv_to_parquet.py::TestReadYearlyCsvs::test_single_file PASSED [ 30%]
Data-Pipeline/tests/test_csv_to_parquet.py::TestConvertAndUpload::test_missing_input_dir_raises_file_not_found PASSED [ 31%]
Data-Pipeline/tests/test_csv_to_parquet.py::TestConvertAndUpload::test_processes_individual_csv PASSED [ 32%]
Data-Pipeline/tests/test_csv_to_parquet.py::TestConvertAndUpload::test_yearly_laps_combined PASSED [ 33%]
Data-Pipeline/tests/test_csv_to_parquet.py::TestConvertAndUpload::test_missing_csv_logged_not_raised PASSED [ 34%]
Data-Pipeline/tests/test_csv_to_parquet.py::TestConvertAndUpload::test_timedelta_columns_converted_in_output PASSED [ 35%]
Data-Pipeline/tests/test_fastf1_ingestion.py::test_fetch_session_returns_session_object PASSED [ 36%]
Data-Pipeline/tests/test_fastf1_ingestion.py::test_fetch_session_loads_data PASSED [ 37%]
Data-Pipeline/tests/test_fastf1_ingestion.py::test_fetch_laps_returns_dataframe PASSED [ 38%]
Data-Pipeline/tests/test_fastf1_ingestion.py::test_fetch_laps_saves_csv PASSED [ 39%]
Data-Pipeline/tests/test_fastf1_ingestion.py::test_fetch_telemetry_returns_dataframe PASSED [ 40%]
Data-Pipeline/tests/test_fastf1_ingestion.py::test_rate_limit_respected PASSED [ 41%]
Data-Pipeline/tests/test_fastf1_ingestion.py::test_cache_dir_created PASSED [ 42%]
Data-Pipeline/tests/test_fastf1_ingestion.py::test_invalid_session_type_raises PASSED [ 43%]
Data-Pipeline/tests/test_fastf1_ingestion.py::test_empty_laps_handled PASSED [ 44%]
Data-Pipeline/tests/test_generate_gantt.py::test_gantt_chart_saved PASSED [ 45%]
Data-Pipeline/tests/test_generate_gantt.py::test_ascii_gantt_printed_when_matplotlib_unavailable PASSED [ 46%]
Data-Pipeline/tests/test_generate_gantt.py::test_all_tasks_present_in_chart PASSED [ 47%]
Data-Pipeline/tests/test_generate_gantt.py::test_bottleneck_highlighted PASSED [ 48%]
Data-Pipeline/tests/test_generate_gantt.py::test_uses_pipeline_runs_json_if_exists PASSED [ 49%]
Data-Pipeline/tests/test_generate_gantt.py::test_falls_back_to_estimates_if_no_json PASSED [ 50%]
Data-Pipeline/tests/test_ingestion.py::TestFetchJson::test_successful_fetch_returns_dict PASSED [ 51%]
Data-Pipeline/tests/test_ingestion.py::TestFetchJson::test_network_error_raises_connection_error PASSED [ 52%]
Data-Pipeline/tests/test_ingestion.py::TestFetchJson::test_timeout_raises_timeout_error PASSED [ 53%]
Data-Pipeline/tests/test_ingestion.py::TestFetchJson::test_404_raises_http_error PASSED [ 54%]
Data-Pipeline/tests/test_ingestion.py::TestFetchJson::test_retries_on_429 PASSED [ 55%]
Data-Pipeline/tests/test_ingestion.py::TestFetchSeasons::test_fetch_seasons_returns_list PASSED [ 56%]
Data-Pipeline/tests/test_ingestion.py::TestFetchSeasons::test_fetch_seasons_saves_json PASSED [ 57%]
Data-Pipeline/tests/test_ingestion.py::TestFetchSeasons::test_fetch_seasons_correct_output_path PASSED [ 58%]
Data-Pipeline/tests/test_ingestion.py::TestFetchRaceResults::test_returns_race_dict PASSED [ 59%]
Data-Pipeline/tests/test_ingestion.py::TestFetchRaceResults::test_saves_to_correct_path PASSED [ 60%]
Data-Pipeline/tests/test_ingestion.py::TestFetchRaceResults::test_empty_race_list_returns_empty_dict PASSED [ 61%]
Data-Pipeline/tests/test_ingestion.py::TestFetchRaceResults::test_network_error_propagates PASSED [ 62%]
Data-Pipeline/tests/test_ingestion.py::TestFetchDrivers::test_fetch_all_drivers_path PASSED [ 63%]
Data-Pipeline/tests/test_ingestion.py::TestFetchDrivers::test_fetch_season_drivers_path PASSED [ 64%]
Data-Pipeline/tests/test_preprocessing.py::TestCheckHelpers::test_check_columns_exist_pass PASSED [ 65%]
Data-Pipeline/tests/test_preprocessing.py::TestCheckHelpers::test_check_columns_exist_fail PASSED [ 66%]
Data-Pipeline/tests/test_preprocessing.py::TestCheckHelpers::test_check_no_nulls_pass PASSED [ 67%]
Data-Pipeline/tests/test_preprocessing.py::TestCheckHelpers::test_check_no_nulls_fail PASSED [ 68%]
Data-Pipeline/tests/test_preprocessing.py::TestCheckHelpers::test_check_value_range_pass PASSED [ 69%]
Data-Pipeline/tests/test_preprocessing.py::TestCheckHelpers::test_check_value_range_fail PASSED [ 70%]
Data-Pipeline/tests/test_preprocessing.py::TestCheckHelpers::test_check_categorical_pass PASSED [ 71%]
Data-Pipeline/tests/test_preprocessing.py::TestCheckHelpers::test_check_categorical_fail PASSED [ 72%]
Data-Pipeline/tests/test_preprocessing.py::TestCheckHelpers::test_check_positive_integers_pass PASSED [ 73%]
Data-Pipeline/tests/test_preprocessing.py::TestCheckHelpers::test_check_positive_integers_fail PASSED [ 74%]
Data-Pipeline/tests/test_preprocessing.py::TestCheckHelpers::test_missing_column_returns_failed_result PASSED [ 75%]
Data-Pipeline/tests/test_preprocessing.py::TestValidateLaps::test_clean_laps_all_pass PASSED [ 76%]
Data-Pipeline/tests/test_preprocessing.py::TestValidateLaps::test_null_driver_critical_failure PASSED [ 77%]
Data-Pipeline/tests/test_preprocessing.py::TestValidateLaps::test_out_of_range_lap_times_flagged PASSED [ 78%]
Data-Pipeline/tests/test_preprocessing.py::TestValidateLaps::test_suite_has_row_count PASSED [ 79%]
Data-Pipeline/tests/test_preprocessing.py::TestValidateTelemetry::test_clean_telemetry_passes PASSED [ 80%]
Data-Pipeline/tests/test_preprocessing.py::TestValidateTelemetry::test_out_of_range_speed_flagged PASSED [ 81%]
Data-Pipeline/tests/test_preprocessing.py::TestValidateTelemetry::test_negative_throttle_flagged PASSED [ 82%]
Data-Pipeline/tests/test_preprocessing.py::TestValidateRaceResults::test_clean_results_pass PASSED [ 83%]
Data-Pipeline/tests/test_preprocessing.py::TestValidateRaceResults::test_position_out_of_range_flagged PASSED [ 84%]
Data-Pipeline/tests/test_preprocessing.py::TestValidateRaceResults::test_duplicate_positions_detected PASSED [ 85%]
Data-Pipeline/tests/test_preprocessing.py::TestValidatePitStops::test_clean_pit_stops_pass PASSED [ 86%]
Data-Pipeline/tests/test_preprocessing.py::TestValidatePitStops::test_too_short_duration_flagged PASSED [ 87%]
Data-Pipeline/tests/test_preprocessing.py::TestValidatePitStops::test_too_long_duration_flagged PASSED [ 88%]
Data-Pipeline/tests/test_preprocessing.py::TestPreprocessingInvariants::test_compound_encoding_consistent PASSED [ 89%]
Data-Pipeline/tests/test_preprocessing.py::TestPreprocessingInvariants::test_null_lap_times_can_be_dropped PASSED [ 90%]
Data-Pipeline/tests/test_preprocessing.py::TestPreprocessingInvariants::test_lap_numbers_sequential_per_driver PASSED [ 91%]
Data-Pipeline/tests/test_preprocessing.py::TestPreprocessingInvariants::test_null_handling_fills_numeric_nulls PASSED [ 92%]
Data-Pipeline/tests/test_preprocessing.py::TestPreprocessingInvariants::test_checkresult_str_representation PASSED [ 93%]
Data-Pipeline/tests/test_validator.py::test_valid_dataframe_passes PASSED [ 94%]
Data-Pipeline/tests/test_validator.py::test_missing_required_column_fails PASSED [ 95%]
Data-Pipeline/tests/test_validator.py::test_null_values_detected PASSED  [ 96%]
Data-Pipeline/tests/test_validator.py::test_invalid_lap_time_flagged PASSED [ 97%]
Data-Pipeline/tests/test_validator.py::test_valid_compound_passes PASSED [ 98%]
Data-Pipeline/tests/test_validator.py::test_invalid_compound_fails PASSED [ 99%]
Data-Pipeline/tests/test_validator.py::test_empty_dataframe_handled PASSED [100%]

=================================== FAILURES ===================================
____________________ test_slack_webhook_called_when_env_set ____________________

tmp_path = PosixPath('/private/var/folders/6v/z4fplw_x73j2sr7rt10zdl380000gn/T/pytest-of-bhargav/pytest-6/test_slack_webhook_called_when0')
monkeypatch = <_pytest.monkeypatch.MonkeyPatch object at 0x12cb177d0>

    def test_slack_webhook_called_when_env_set(tmp_path, monkeypatch):
        """_send_slack_alert is called when SLACK_WEBHOOK_URL is set and anomalies exist."""
        monkeypatch.setattr(_ad, "_LOGS_DIR", tmp_path)
        data_dir = tmp_path / "processed"
        data_dir.mkdir()
        # Parquet with null Driver generates an ERROR anomaly so total > 0
        df = pd.DataFrame(
            {
                "Driver": [None, "VER"],
                "LapTime": [90.0, 91.0],
                "CircuitId": ["monza", "monza"],
            }
        )
>       df.to_parquet(data_dir / "laps_all.parquet", index=False)

Data-Pipeline/tests/test_anomaly_detection.py:177: 
_ _ _ _ _ _ _ _ _ _ _ _ _ _ _ _ _ _ _ _ _ _ _ _ _ _ _ _ _ _ _ _ _ _ _ _ _ _ _ _ 
.venv/lib/python3.12/site-packages/pandas/core/frame.py:2970: in to_parquet
    return to_parquet(
.venv/lib/python3.12/site-packages/pandas/io/parquet.py:479: in to_parquet
    impl = get_engine(engine)
           ^^^^^^^^^^^^^^^^^^
_ _ _ _ _ _ _ _ _ _ _ _ _ _ _ _ _ _ _ _ _ _ _ _ _ _ _ _ _ _ _ _ _ _ _ _ _ _ _ _ 

engine = 'auto'

    def get_engine(engine: str) -> BaseImpl:
        """return our implementation"""
        if engine == "auto":
            engine = get_option("io.parquet.engine")
    
        if engine == "auto":
            # try engines in this order
            engine_classes = [PyArrowImpl, FastParquetImpl]
    
            error_msgs = ""
            for engine_class in engine_classes:
                try:
                    return engine_class()
                except ImportError as err:
                    error_msgs += "\n - " + str(err)
    
>           raise ImportError(
                "Unable to find a usable engine; "
                "tried using: 'pyarrow', 'fastparquet'.\n"
                "A suitable version of "
                "pyarrow or fastparquet is required for parquet "
                "support.\n"
                "Trying to import the above resulted in these errors:"
                f"{error_msgs}"
            )
E           ImportError: Unable to find a usable engine; tried using: 'pyarrow', 'fastparquet'.
E           A suitable version of pyarrow or fastparquet is required for parquet support.
E           Trying to import the above resulted in these errors:
E            - Missing optional dependency 'pyarrow'. pyarrow is required for parquet support. Use pip or conda to install pyarrow.
E            - Missing optional dependency 'fastparquet'. fastparquet is required for parquet support. Use pip or conda to install fastparquet.

.venv/lib/python3.12/site-packages/pandas/io/parquet.py:66: ImportError
____________________ test_bias_report_saved_to_correct_path ____________________

tmp_path = PosixPath('/private/var/folders/6v/z4fplw_x73j2sr7rt10zdl380000gn/T/pytest-of-bhargav/pytest-6/test_bias_report_saved_to_corr0')
monkeypatch = <_pytest.monkeypatch.MonkeyPatch object at 0x12cb147a0>

    def test_bias_report_saved_to_correct_path(tmp_path, monkeypatch):
        """run_bias_analysis must save bias_report.json to the logs directory."""
        monkeypatch.setattr(_ba, "_LOGS_DIR", tmp_path)
        data_dir = tmp_path / "processed"
        data_dir.mkdir()
>       _make_laps_parquet(data_dir)

Data-Pipeline/tests/test_bias_analysis.py:87: 
_ _ _ _ _ _ _ _ _ _ _ _ _ _ _ _ _ _ _ _ _ _ _ _ _ _ _ _ _ _ _ _ _ _ _ _ _ _ _ _ 
Data-Pipeline/tests/test_bias_analysis.py:178: in _make_laps_parquet
    ).to_parquet(data_dir / "laps_all.parquet", index=False)
      ^^^^^^^^^^^^^^^^^^^^^^^^^^^^^^^^^^^^^^^^^^^^^^^^^^^^^^
.venv/lib/python3.12/site-packages/pandas/core/frame.py:2970: in to_parquet
    return to_parquet(
.venv/lib/python3.12/site-packages/pandas/io/parquet.py:479: in to_parquet
    impl = get_engine(engine)
           ^^^^^^^^^^^^^^^^^^
_ _ _ _ _ _ _ _ _ _ _ _ _ _ _ _ _ _ _ _ _ _ _ _ _ _ _ _ _ _ _ _ _ _ _ _ _ _ _ _ 

engine = 'auto'

    def get_engine(engine: str) -> BaseImpl:
        """return our implementation"""
        if engine == "auto":
            engine = get_option("io.parquet.engine")
    
        if engine == "auto":
            # try engines in this order
            engine_classes = [PyArrowImpl, FastParquetImpl]
    
            error_msgs = ""
            for engine_class in engine_classes:
                try:
                    return engine_class()
                except ImportError as err:
                    error_msgs += "\n - " + str(err)
    
>           raise ImportError(
                "Unable to find a usable engine; "
                "tried using: 'pyarrow', 'fastparquet'.\n"
                "A suitable version of "
                "pyarrow or fastparquet is required for parquet "
                "support.\n"
                "Trying to import the above resulted in these errors:"
                f"{error_msgs}"
            )
E           ImportError: Unable to find a usable engine; tried using: 'pyarrow', 'fastparquet'.
E           A suitable version of pyarrow or fastparquet is required for parquet support.
E           Trying to import the above resulted in these errors:
E            - Missing optional dependency 'pyarrow'. pyarrow is required for parquet support. Use pip or conda to install pyarrow.
E            - Missing optional dependency 'fastparquet'. fastparquet is required for parquet support. Use pip or conda to install fastparquet.

.venv/lib/python3.12/site-packages/pandas/io/parquet.py:66: ImportError
______________________ test_bias_report_has_required_keys ______________________

tmp_path = PosixPath('/private/var/folders/6v/z4fplw_x73j2sr7rt10zdl380000gn/T/pytest-of-bhargav/pytest-6/test_bias_report_has_required_0')
monkeypatch = <_pytest.monkeypatch.MonkeyPatch object at 0x12cb157f0>

    def test_bias_report_has_required_keys(tmp_path, monkeypatch):
        """Saved bias_report.json must contain timestamp and slices keys."""
        monkeypatch.setattr(_ba, "_LOGS_DIR", tmp_path)
        data_dir = tmp_path / "processed"
        data_dir.mkdir()
>       _make_laps_parquet(data_dir)

Data-Pipeline/tests/test_bias_analysis.py:99: 
_ _ _ _ _ _ _ _ _ _ _ _ _ _ _ _ _ _ _ _ _ _ _ _ _ _ _ _ _ _ _ _ _ _ _ _ _ _ _ _ 
Data-Pipeline/tests/test_bias_analysis.py:178: in _make_laps_parquet
    ).to_parquet(data_dir / "laps_all.parquet", index=False)
      ^^^^^^^^^^^^^^^^^^^^^^^^^^^^^^^^^^^^^^^^^^^^^^^^^^^^^^
.venv/lib/python3.12/site-packages/pandas/core/frame.py:2970: in to_parquet
    return to_parquet(
.venv/lib/python3.12/site-packages/pandas/io/parquet.py:479: in to_parquet
    impl = get_engine(engine)
           ^^^^^^^^^^^^^^^^^^
_ _ _ _ _ _ _ _ _ _ _ _ _ _ _ _ _ _ _ _ _ _ _ _ _ _ _ _ _ _ _ _ _ _ _ _ _ _ _ _ 

engine = 'auto'

    def get_engine(engine: str) -> BaseImpl:
        """return our implementation"""
        if engine == "auto":
            engine = get_option("io.parquet.engine")
    
        if engine == "auto":
            # try engines in this order
            engine_classes = [PyArrowImpl, FastParquetImpl]
    
            error_msgs = ""
            for engine_class in engine_classes:
                try:
                    return engine_class()
                except ImportError as err:
                    error_msgs += "\n - " + str(err)
    
>           raise ImportError(
                "Unable to find a usable engine; "
                "tried using: 'pyarrow', 'fastparquet'.\n"
                "A suitable version of "
                "pyarrow or fastparquet is required for parquet "
                "support.\n"
                "Trying to import the above resulted in these errors:"
                f"{error_msgs}"
            )
E           ImportError: Unable to find a usable engine; tried using: 'pyarrow', 'fastparquet'.
E           A suitable version of pyarrow or fastparquet is required for parquet support.
E           Trying to import the above resulted in these errors:
E            - Missing optional dependency 'pyarrow'. pyarrow is required for parquet support. Use pip or conda to install pyarrow.
E            - Missing optional dependency 'fastparquet'. fastparquet is required for parquet support. Use pip or conda to install fastparquet.

.venv/lib/python3.12/site-packages/pandas/io/parquet.py:66: ImportError
___________________ test_empty_dataframe_handled_gracefully ____________________

tmp_path = PosixPath('/private/var/folders/6v/z4fplw_x73j2sr7rt10zdl380000gn/T/pytest-of-bhargav/pytest-6/test_empty_dataframe_handled_g0')
monkeypatch = <_pytest.monkeypatch.MonkeyPatch object at 0x12cb14680>

    def test_empty_dataframe_handled_gracefully(tmp_path, monkeypatch):
        """run_bias_analysis with an empty laps parquet must not crash and must save a report."""
        monkeypatch.setattr(_ba, "_LOGS_DIR", tmp_path)
        data_dir = tmp_path / "processed"
        data_dir.mkdir()
        # Empty DataFrame → parquet with no rows
>       pd.DataFrame(columns=["season", "LapTime", "Constructor"]).to_parquet(
            data_dir / "laps_all.parquet", index=False
        )

Data-Pipeline/tests/test_bias_analysis.py:137: 
_ _ _ _ _ _ _ _ _ _ _ _ _ _ _ _ _ _ _ _ _ _ _ _ _ _ _ _ _ _ _ _ _ _ _ _ _ _ _ _ 
.venv/lib/python3.12/site-packages/pandas/core/frame.py:2970: in to_parquet
    return to_parquet(
.venv/lib/python3.12/site-packages/pandas/io/parquet.py:479: in to_parquet
    impl = get_engine(engine)
           ^^^^^^^^^^^^^^^^^^
_ _ _ _ _ _ _ _ _ _ _ _ _ _ _ _ _ _ _ _ _ _ _ _ _ _ _ _ _ _ _ _ _ _ _ _ _ _ _ _ 

engine = 'auto'

    def get_engine(engine: str) -> BaseImpl:
        """return our implementation"""
        if engine == "auto":
            engine = get_option("io.parquet.engine")
    
        if engine == "auto":
            # try engines in this order
            engine_classes = [PyArrowImpl, FastParquetImpl]
    
            error_msgs = ""
            for engine_class in engine_classes:
                try:
                    return engine_class()
                except ImportError as err:
                    error_msgs += "\n - " + str(err)
    
>           raise ImportError(
                "Unable to find a usable engine; "
                "tried using: 'pyarrow', 'fastparquet'.\n"
                "A suitable version of "
                "pyarrow or fastparquet is required for parquet "
                "support.\n"
                "Trying to import the above resulted in these errors:"
                f"{error_msgs}"
            )
E           ImportError: Unable to find a usable engine; tried using: 'pyarrow', 'fastparquet'.
E           A suitable version of pyarrow or fastparquet is required for parquet support.
E           Trying to import the above resulted in these errors:
E            - Missing optional dependency 'pyarrow'. pyarrow is required for parquet support. Use pip or conda to install pyarrow.
E            - Missing optional dependency 'fastparquet'. fastparquet is required for parquet support. Use pip or conda to install fastparquet.

.venv/lib/python3.12/site-packages/pandas/io/parquet.py:66: ImportError
=============================== warnings summary ===============================
<frozen importlib._bootstrap>:488
  <frozen importlib._bootstrap>:488: DeprecationWarning: Type google._upb._message.MessageMapContainer uses PyType_Spec with a metaclass that has custom tp_new. This is deprecated and will no longer be allowed in Python 3.14.

<frozen importlib._bootstrap>:488
  <frozen importlib._bootstrap>:488: DeprecationWarning: Type google._upb._message.ScalarMapContainer uses PyType_Spec with a metaclass that has custom tp_new. This is deprecated and will no longer be allowed in Python 3.14.

src/preprocessing/validator.py:49
  /Users/bhargav/Documents/test/src/preprocessing/validator.py:49: PydanticDeprecatedSince20: Pydantic V1 style `@validator` validators are deprecated. You should migrate to Pydantic V2 style `@field_validator` validators, see the migration guide for more details. Deprecated in Pydantic V2.0 to be removed in V3.0. See Pydantic V2 Migration Guide at https://errors.pydantic.dev/2.5/migration/
    @validator("date")

src/preprocessing/validator.py:71
  /Users/bhargav/Documents/test/src/preprocessing/validator.py:71: PydanticDeprecatedSince20: Pydantic V1 style `@validator` validators are deprecated. You should migrate to Pydantic V2 style `@field_validator` validators, see the migration guide for more details. Deprecated in Pydantic V2.0 to be removed in V3.0. See Pydantic V2 Migration Guide at https://errors.pydantic.dev/2.5/migration/
    @validator("dob")

Data-Pipeline/tests/test_validator.py::test_valid_dataframe_passes
Data-Pipeline/tests/test_validator.py::test_valid_compound_passes
  /Users/bhargav/Documents/test/src/preprocessing/validator.py:138: PydanticDeprecatedSince20: The `dict` method is deprecated; use `model_dump` instead. Deprecated in Pydantic V2.0 to be removed in V3.0. See Pydantic V2 Migration Guide at https://errors.pydantic.dev/2.5/migration/
    valid_records.append(validated.dict())

Data-Pipeline/tests/test_validator.py::test_valid_dataframe_passes
Data-Pipeline/tests/test_validator.py::test_valid_compound_passes
  /Users/bhargav/Documents/test/.venv/lib/python3.12/site-packages/pydantic/main.py:979: PydanticDeprecatedSince20: The `dict` method is deprecated; use `model_dump` instead. Deprecated in Pydantic V2.0 to be removed in V3.0. See Pydantic V2 Migration Guide at https://errors.pydantic.dev/2.5/migration/
    warnings.warn('The `dict` method is deprecated; use `model_dump` instead.', DeprecationWarning)

-- Docs: https://docs.pytest.org/en/stable/how-to/capture-warnings.html
=========================== short test summary info ============================
FAILED Data-Pipeline/tests/test_anomaly_detection.py::test_slack_webhook_called_when_env_set
FAILED Data-Pipeline/tests/test_bias_analysis.py::test_bias_report_saved_to_correct_path
FAILED Data-Pipeline/tests/test_bias_analysis.py::test_bias_report_has_required_keys
FAILED Data-Pipeline/tests/test_bias_analysis.py::test_empty_dataframe_handled_gracefully
============= 4 failed, 97 passed, 8 warnings in 92.65s (0:01:32) ==============
